[2026-02-16 18:33:25,832: WARNING/MainProcess] consumer: Connection to broker lost. Trying to re-establish the connection...
Traceback (most recent call last):
  File "/var/www/html/backend/.venv/lib/python3.11/site-packages/redis/retry.py", line 105, in call_with_retry
    return do()
           ^^^^
  File "/var/www/html/backend/.venv/lib/python3.11/site-packages/redis/client.py", line 915, in <lambda>
    lambda: command(*args, **kwargs),
            ^^^^^^^^^^^^^^^^^^^^^^^^
  File "/var/www/html/backend/.venv/lib/python3.11/site-packages/redis/client.py", line 936, in try_read
    return conn.read_response(disconnect_on_error=False, push_request=True)
           ^^^^^^^^^^^^^^^^^^^^^^^^^^^^^^^^^^^^^^^^^^^^^^^^^^^^^^^^^^^^^^^^
  File "/var/www/html/backend/.venv/lib/python3.11/site-packages/redis/connection.py", line 650, in read_response
    response = self._parser.read_response(disable_decoding=disable_decoding)
               ^^^^^^^^^^^^^^^^^^^^^^^^^^^^^^^^^^^^^^^^^^^^^^^^^^^^^^^^^^^^^
  File "/var/www/html/backend/.venv/lib/python3.11/site-packages/redis/_parsers/resp2.py", line 15, in read_response
    result = self._read_response(disable_decoding=disable_decoding)
             ^^^^^^^^^^^^^^^^^^^^^^^^^^^^^^^^^^^^^^^^^^^^^^^^^^^^^^
  File "/var/www/html/backend/.venv/lib/python3.11/site-packages/redis/_parsers/resp2.py", line 25, in _read_response
    raw = self._buffer.readline()
          ^^^^^^^^^^^^^^^^^^^^^^^
  File "/var/www/html/backend/.venv/lib/python3.11/site-packages/redis/_parsers/socket.py", line 115, in readline
    self._read_from_socket()
  File "/var/www/html/backend/.venv/lib/python3.11/site-packages/redis/_parsers/socket.py", line 68, in _read_from_socket
    raise ConnectionError(SERVER_CLOSED_CONNECTION_ERROR)
redis.exceptions.ConnectionError: Connection closed by server.

During handling of the above exception, another exception occurred:

Traceback (most recent call last):
  File "/var/www/html/backend/.venv/lib/python3.11/site-packages/redis/connection.py", line 389, in connect_check_health
    sock = self.retry.call_with_retry(
           ^^^^^^^^^^^^^^^^^^^^^^^^^^^
  File "/var/www/html/backend/.venv/lib/python3.11/site-packages/redis/retry.py", line 105, in call_with_retry
    return do()
           ^^^^
  File "/var/www/html/backend/.venv/lib/python3.11/site-packages/redis/connection.py", line 390, in <lambda>
    lambda: self._connect(), lambda error: self.disconnect(error)
            ^^^^^^^^^^^^^^^
  File "/var/www/html/backend/.venv/lib/python3.11/site-packages/redis/connection.py", line 803, in _connect
    raise err
  File "/var/www/html/backend/.venv/lib/python3.11/site-packages/redis/connection.py", line 787, in _connect
    sock.connect(socket_address)
ConnectionRefusedError: [Errno 111] Connection refused

During handling of the above exception, another exception occurred:

Traceback (most recent call last):
  File "/var/www/html/backend/.venv/lib/python3.11/site-packages/celery/worker/consumer/consumer.py", line 346, in start
    blueprint.start(self)
  File "/var/www/html/backend/.venv/lib/python3.11/site-packages/celery/bootsteps.py", line 116, in start
    step.start(parent)
  File "/var/www/html/backend/.venv/lib/python3.11/site-packages/celery/worker/consumer/consumer.py", line 788, in start
    c.loop(*c.loop_args())
  File "/var/www/html/backend/.venv/lib/python3.11/site-packages/celery/worker/loops.py", line 96, in asynloop
    next(loop)
  File "/var/www/html/backend/.venv/lib/python3.11/site-packages/kombu/asynchronous/hub.py", line 377, in create_loop
    cb(*cbargs)
  File "/var/www/html/backend/.venv/lib/python3.11/site-packages/kombu/transport/redis.py", line 1394, in on_readable
    self.cycle.on_readable(fileno)
  File "/var/www/html/backend/.venv/lib/python3.11/site-packages/kombu/transport/redis.py", line 579, in on_readable
    chan.handlers[type]()
  File "/var/www/html/backend/.venv/lib/python3.11/site-packages/kombu/transport/redis.py", line 931, in _receive
    ret.append(self._receive_one(c))
               ^^^^^^^^^^^^^^^^^^^^
  File "/var/www/html/backend/.venv/lib/python3.11/site-packages/kombu/transport/redis.py", line 941, in _receive_one
    response = c.parse_response()
               ^^^^^^^^^^^^^^^^^^
  File "/var/www/html/backend/.venv/lib/python3.11/site-packages/redis/client.py", line 938, in parse_response
    response = self._execute(conn, try_read)
               ^^^^^^^^^^^^^^^^^^^^^^^^^^^^^
  File "/var/www/html/backend/.venv/lib/python3.11/site-packages/redis/client.py", line 914, in _execute
    return conn.retry.call_with_retry(
           ^^^^^^^^^^^^^^^^^^^^^^^^^^^
  File "/var/www/html/backend/.venv/lib/python3.11/site-packages/redis/retry.py", line 108, in call_with_retry
    fail(error)
  File "/var/www/html/backend/.venv/lib/python3.11/site-packages/redis/client.py", line 916, in <lambda>
    lambda _: self._reconnect(conn),
              ^^^^^^^^^^^^^^^^^^^^^
  File "/var/www/html/backend/.venv/lib/python3.11/site-packages/redis/client.py", line 904, in _reconnect
    conn.connect()
  File "/var/www/html/backend/.venv/lib/python3.11/site-packages/redis/connection.py", line 380, in connect
    self.connect_check_health(check_health=True)
  File "/var/www/html/backend/.venv/lib/python3.11/site-packages/redis/connection.py", line 397, in connect_check_health
    raise ConnectionError(self._error_message(e))
redis.exceptions.ConnectionError: Error 111 connecting to redis:6379. Connection refused.
[2026-02-16 18:33:25,835: WARNING/MainProcess] /var/www/html/backend/.venv/lib/python3.11/site-packages/celery/worker/consumer/consumer.py:397: CPendingDeprecationWarning: 
In Celery 5.1 we introduced an optional breaking change which
on connection loss cancels all currently executed tasks with late acknowledgement enabled.
These tasks cannot be acknowledged as the connection is gone, and the tasks are automatically redelivered
back to the queue. You can enable this behavior using the worker_cancel_long_running_tasks_on_connection_loss
setting. In Celery 5.1 it is set to False by default. The setting will be set to True by default in Celery 6.0.

  warnings.warn(CANCEL_TASKS_BY_DEFAULT, CPendingDeprecationWarning)

[2026-02-16 18:33:25,837: ERROR/MainProcess] consumer: Cannot connect to redis://redis:6379/0: Error 111 connecting to redis:6379. Connection refused..
Trying again in 2.00 seconds... (1/100)

[2026-02-16 18:35:42,308: INFO/MainProcess] Connected to redis://redis:6379/0
[2026-02-16 18:35:42,310: INFO/MainProcess] mingle: searching for neighbors
[2026-02-16 18:35:43,316: INFO/MainProcess] mingle: all alone
[2026-02-16 18:35:43,327: INFO/MainProcess] celery@media-vigilfuoco-web ready.
[2026-02-16 18:40:01,625: INFO/MainProcess] Connected to redis://redis:6379/0
[2026-02-16 18:40:01,626: INFO/MainProcess] mingle: searching for neighbors
[2026-02-16 18:40:02,632: INFO/MainProcess] mingle: all alone
[2026-02-16 18:40:02,641: INFO/MainProcess] celery@media-vigilfuoco-web ready.
[2026-02-16 18:43:08,210: INFO/MainProcess] Connected to redis://redis:6379/0
[2026-02-16 18:43:08,211: INFO/MainProcess] mingle: searching for neighbors
[2026-02-16 18:43:09,217: INFO/MainProcess] mingle: all alone
[2026-02-16 18:43:09,226: INFO/MainProcess] celery@media-vigilfuoco-web ready.
[2026-02-16 18:44:28,458: WARNING/MainProcess] consumer: Connection to broker lost. Trying to re-establish the connection...
Traceback (most recent call last):
  File "/var/www/html/backend/.venv/lib/python3.11/site-packages/redis/retry.py", line 105, in call_with_retry
    return do()
           ^^^^
  File "/var/www/html/backend/.venv/lib/python3.11/site-packages/redis/client.py", line 915, in <lambda>
    lambda: command(*args, **kwargs),
            ^^^^^^^^^^^^^^^^^^^^^^^^
  File "/var/www/html/backend/.venv/lib/python3.11/site-packages/redis/client.py", line 936, in try_read
    return conn.read_response(disconnect_on_error=False, push_request=True)
           ^^^^^^^^^^^^^^^^^^^^^^^^^^^^^^^^^^^^^^^^^^^^^^^^^^^^^^^^^^^^^^^^
  File "/var/www/html/backend/.venv/lib/python3.11/site-packages/redis/connection.py", line 650, in read_response
    response = self._parser.read_response(disable_decoding=disable_decoding)
               ^^^^^^^^^^^^^^^^^^^^^^^^^^^^^^^^^^^^^^^^^^^^^^^^^^^^^^^^^^^^^
  File "/var/www/html/backend/.venv/lib/python3.11/site-packages/redis/_parsers/resp2.py", line 15, in read_response
    result = self._read_response(disable_decoding=disable_decoding)
             ^^^^^^^^^^^^^^^^^^^^^^^^^^^^^^^^^^^^^^^^^^^^^^^^^^^^^^
  File "/var/www/html/backend/.venv/lib/python3.11/site-packages/redis/_parsers/resp2.py", line 25, in _read_response
    raw = self._buffer.readline()
          ^^^^^^^^^^^^^^^^^^^^^^^
  File "/var/www/html/backend/.venv/lib/python3.11/site-packages/redis/_parsers/socket.py", line 115, in readline
    self._read_from_socket()
  File "/var/www/html/backend/.venv/lib/python3.11/site-packages/redis/_parsers/socket.py", line 68, in _read_from_socket
    raise ConnectionError(SERVER_CLOSED_CONNECTION_ERROR)
redis.exceptions.ConnectionError: Connection closed by server.

During handling of the above exception, another exception occurred:

Traceback (most recent call last):
  File "/var/www/html/backend/.venv/lib/python3.11/site-packages/redis/connection.py", line 389, in connect_check_health
    sock = self.retry.call_with_retry(
           ^^^^^^^^^^^^^^^^^^^^^^^^^^^
  File "/var/www/html/backend/.venv/lib/python3.11/site-packages/redis/retry.py", line 105, in call_with_retry
    return do()
           ^^^^
  File "/var/www/html/backend/.venv/lib/python3.11/site-packages/redis/connection.py", line 390, in <lambda>
    lambda: self._connect(), lambda error: self.disconnect(error)
            ^^^^^^^^^^^^^^^
  File "/var/www/html/backend/.venv/lib/python3.11/site-packages/redis/connection.py", line 803, in _connect
    raise err
  File "/var/www/html/backend/.venv/lib/python3.11/site-packages/redis/connection.py", line 787, in _connect
    sock.connect(socket_address)
ConnectionRefusedError: [Errno 111] Connection refused

During handling of the above exception, another exception occurred:

Traceback (most recent call last):
  File "/var/www/html/backend/.venv/lib/python3.11/site-packages/celery/worker/consumer/consumer.py", line 346, in start
    blueprint.start(self)
  File "/var/www/html/backend/.venv/lib/python3.11/site-packages/celery/bootsteps.py", line 116, in start
    step.start(parent)
  File "/var/www/html/backend/.venv/lib/python3.11/site-packages/celery/worker/consumer/consumer.py", line 788, in start
    c.loop(*c.loop_args())
  File "/var/www/html/backend/.venv/lib/python3.11/site-packages/celery/worker/loops.py", line 96, in asynloop
    next(loop)
  File "/var/www/html/backend/.venv/lib/python3.11/site-packages/kombu/asynchronous/hub.py", line 377, in create_loop
    cb(*cbargs)
  File "/var/www/html/backend/.venv/lib/python3.11/site-packages/kombu/transport/redis.py", line 1394, in on_readable
    self.cycle.on_readable(fileno)
  File "/var/www/html/backend/.venv/lib/python3.11/site-packages/kombu/transport/redis.py", line 579, in on_readable
    chan.handlers[type]()
  File "/var/www/html/backend/.venv/lib/python3.11/site-packages/kombu/transport/redis.py", line 931, in _receive
    ret.append(self._receive_one(c))
               ^^^^^^^^^^^^^^^^^^^^
  File "/var/www/html/backend/.venv/lib/python3.11/site-packages/kombu/transport/redis.py", line 941, in _receive_one
    response = c.parse_response()
               ^^^^^^^^^^^^^^^^^^
  File "/var/www/html/backend/.venv/lib/python3.11/site-packages/redis/client.py", line 938, in parse_response
    response = self._execute(conn, try_read)
               ^^^^^^^^^^^^^^^^^^^^^^^^^^^^^
  File "/var/www/html/backend/.venv/lib/python3.11/site-packages/redis/client.py", line 914, in _execute
    return conn.retry.call_with_retry(
           ^^^^^^^^^^^^^^^^^^^^^^^^^^^
  File "/var/www/html/backend/.venv/lib/python3.11/site-packages/redis/retry.py", line 108, in call_with_retry
    fail(error)
  File "/var/www/html/backend/.venv/lib/python3.11/site-packages/redis/client.py", line 916, in <lambda>
    lambda _: self._reconnect(conn),
              ^^^^^^^^^^^^^^^^^^^^^
  File "/var/www/html/backend/.venv/lib/python3.11/site-packages/redis/client.py", line 904, in _reconnect
    conn.connect()
  File "/var/www/html/backend/.venv/lib/python3.11/site-packages/redis/connection.py", line 380, in connect
    self.connect_check_health(check_health=True)
  File "/var/www/html/backend/.venv/lib/python3.11/site-packages/redis/connection.py", line 397, in connect_check_health
    raise ConnectionError(self._error_message(e))
redis.exceptions.ConnectionError: Error 111 connecting to redis:6379. Connection refused.
[2026-02-16 18:44:28,467: WARNING/MainProcess] /var/www/html/backend/.venv/lib/python3.11/site-packages/celery/worker/consumer/consumer.py:397: CPendingDeprecationWarning: 
In Celery 5.1 we introduced an optional breaking change which
on connection loss cancels all currently executed tasks with late acknowledgement enabled.
These tasks cannot be acknowledged as the connection is gone, and the tasks are automatically redelivered
back to the queue. You can enable this behavior using the worker_cancel_long_running_tasks_on_connection_loss
setting. In Celery 5.1 it is set to False by default. The setting will be set to True by default in Celery 6.0.

  warnings.warn(CANCEL_TASKS_BY_DEFAULT, CPendingDeprecationWarning)

[2026-02-16 18:44:28,470: ERROR/MainProcess] consumer: Cannot connect to redis://redis:6379/0: Error 111 connecting to redis:6379. Connection refused..
Trying again in 2.00 seconds... (1/100)

[2026-02-16 18:45:05,061: INFO/MainProcess] Connected to redis://redis:6379/0
[2026-02-16 18:45:05,062: INFO/MainProcess] mingle: searching for neighbors
[2026-02-16 18:45:06,067: INFO/MainProcess] mingle: all alone
[2026-02-16 18:45:06,074: INFO/MainProcess] celery@media-vigilfuoco-web ready.
[2026-02-16 21:21:13,294: WARNING/MainProcess] consumer: Connection to broker lost. Trying to re-establish the connection...
Traceback (most recent call last):
  File "/var/www/html/backend/.venv/lib/python3.11/site-packages/redis/retry.py", line 105, in call_with_retry
    return do()
           ^^^^
  File "/var/www/html/backend/.venv/lib/python3.11/site-packages/redis/client.py", line 915, in <lambda>
    lambda: command(*args, **kwargs),
            ^^^^^^^^^^^^^^^^^^^^^^^^
  File "/var/www/html/backend/.venv/lib/python3.11/site-packages/redis/client.py", line 936, in try_read
    return conn.read_response(disconnect_on_error=False, push_request=True)
           ^^^^^^^^^^^^^^^^^^^^^^^^^^^^^^^^^^^^^^^^^^^^^^^^^^^^^^^^^^^^^^^^
  File "/var/www/html/backend/.venv/lib/python3.11/site-packages/redis/connection.py", line 650, in read_response
    response = self._parser.read_response(disable_decoding=disable_decoding)
               ^^^^^^^^^^^^^^^^^^^^^^^^^^^^^^^^^^^^^^^^^^^^^^^^^^^^^^^^^^^^^
  File "/var/www/html/backend/.venv/lib/python3.11/site-packages/redis/_parsers/resp2.py", line 15, in read_response
    result = self._read_response(disable_decoding=disable_decoding)
             ^^^^^^^^^^^^^^^^^^^^^^^^^^^^^^^^^^^^^^^^^^^^^^^^^^^^^^
  File "/var/www/html/backend/.venv/lib/python3.11/site-packages/redis/_parsers/resp2.py", line 25, in _read_response
    raw = self._buffer.readline()
          ^^^^^^^^^^^^^^^^^^^^^^^
  File "/var/www/html/backend/.venv/lib/python3.11/site-packages/redis/_parsers/socket.py", line 115, in readline
    self._read_from_socket()
  File "/var/www/html/backend/.venv/lib/python3.11/site-packages/redis/_parsers/socket.py", line 68, in _read_from_socket
    raise ConnectionError(SERVER_CLOSED_CONNECTION_ERROR)
redis.exceptions.ConnectionError: Connection closed by server.

During handling of the above exception, another exception occurred:

Traceback (most recent call last):
  File "/var/www/html/backend/.venv/lib/python3.11/site-packages/redis/connection.py", line 389, in connect_check_health
    sock = self.retry.call_with_retry(
           ^^^^^^^^^^^^^^^^^^^^^^^^^^^
  File "/var/www/html/backend/.venv/lib/python3.11/site-packages/redis/retry.py", line 105, in call_with_retry
    return do()
           ^^^^
  File "/var/www/html/backend/.venv/lib/python3.11/site-packages/redis/connection.py", line 390, in <lambda>
    lambda: self._connect(), lambda error: self.disconnect(error)
            ^^^^^^^^^^^^^^^
  File "/var/www/html/backend/.venv/lib/python3.11/site-packages/redis/connection.py", line 803, in _connect
    raise err
  File "/var/www/html/backend/.venv/lib/python3.11/site-packages/redis/connection.py", line 787, in _connect
    sock.connect(socket_address)
ConnectionRefusedError: [Errno 111] Connection refused

During handling of the above exception, another exception occurred:

Traceback (most recent call last):
  File "/var/www/html/backend/.venv/lib/python3.11/site-packages/celery/worker/consumer/consumer.py", line 346, in start
    blueprint.start(self)
  File "/var/www/html/backend/.venv/lib/python3.11/site-packages/celery/bootsteps.py", line 116, in start
    step.start(parent)
  File "/var/www/html/backend/.venv/lib/python3.11/site-packages/celery/worker/consumer/consumer.py", line 788, in start
    c.loop(*c.loop_args())
  File "/var/www/html/backend/.venv/lib/python3.11/site-packages/celery/worker/loops.py", line 96, in asynloop
    next(loop)
  File "/var/www/html/backend/.venv/lib/python3.11/site-packages/kombu/asynchronous/hub.py", line 377, in create_loop
    cb(*cbargs)
  File "/var/www/html/backend/.venv/lib/python3.11/site-packages/kombu/transport/redis.py", line 1394, in on_readable
    self.cycle.on_readable(fileno)
  File "/var/www/html/backend/.venv/lib/python3.11/site-packages/kombu/transport/redis.py", line 579, in on_readable
    chan.handlers[type]()
  File "/var/www/html/backend/.venv/lib/python3.11/site-packages/kombu/transport/redis.py", line 931, in _receive
    ret.append(self._receive_one(c))
               ^^^^^^^^^^^^^^^^^^^^
  File "/var/www/html/backend/.venv/lib/python3.11/site-packages/kombu/transport/redis.py", line 941, in _receive_one
    response = c.parse_response()
               ^^^^^^^^^^^^^^^^^^
  File "/var/www/html/backend/.venv/lib/python3.11/site-packages/redis/client.py", line 938, in parse_response
    response = self._execute(conn, try_read)
               ^^^^^^^^^^^^^^^^^^^^^^^^^^^^^
  File "/var/www/html/backend/.venv/lib/python3.11/site-packages/redis/client.py", line 914, in _execute
    return conn.retry.call_with_retry(
           ^^^^^^^^^^^^^^^^^^^^^^^^^^^
  File "/var/www/html/backend/.venv/lib/python3.11/site-packages/redis/retry.py", line 108, in call_with_retry
    fail(error)
  File "/var/www/html/backend/.venv/lib/python3.11/site-packages/redis/client.py", line 916, in <lambda>
    lambda _: self._reconnect(conn),
              ^^^^^^^^^^^^^^^^^^^^^
  File "/var/www/html/backend/.venv/lib/python3.11/site-packages/redis/client.py", line 904, in _reconnect
    conn.connect()
  File "/var/www/html/backend/.venv/lib/python3.11/site-packages/redis/connection.py", line 380, in connect
    self.connect_check_health(check_health=True)
  File "/var/www/html/backend/.venv/lib/python3.11/site-packages/redis/connection.py", line 397, in connect_check_health
    raise ConnectionError(self._error_message(e))
redis.exceptions.ConnectionError: Error 111 connecting to redis:6379. Connection refused.
[2026-02-16 21:21:13,301: WARNING/MainProcess] /var/www/html/backend/.venv/lib/python3.11/site-packages/celery/worker/consumer/consumer.py:397: CPendingDeprecationWarning: 
In Celery 5.1 we introduced an optional breaking change which
on connection loss cancels all currently executed tasks with late acknowledgement enabled.
These tasks cannot be acknowledged as the connection is gone, and the tasks are automatically redelivered
back to the queue. You can enable this behavior using the worker_cancel_long_running_tasks_on_connection_loss
setting. In Celery 5.1 it is set to False by default. The setting will be set to True by default in Celery 6.0.

  warnings.warn(CANCEL_TASKS_BY_DEFAULT, CPendingDeprecationWarning)

[2026-02-16 21:21:13,304: ERROR/MainProcess] consumer: Cannot connect to redis://redis:6379/0: Error 111 connecting to redis:6379. Connection refused..
Trying again in 2.00 seconds... (1/100)

[2026-02-16 21:22:45,497: INFO/MainProcess] Connected to redis://redis:6379/0
[2026-02-16 21:22:45,499: INFO/MainProcess] mingle: searching for neighbors
[2026-02-16 21:22:46,505: INFO/MainProcess] mingle: all alone
[2026-02-16 21:22:46,512: INFO/MainProcess] celery@media-vigilfuoco-web ready.
[2026-02-16 22:58:41,125: WARNING/MainProcess] consumer: Connection to broker lost. Trying to re-establish the connection...
Traceback (most recent call last):
  File "/var/www/html/backend/.venv/lib/python3.11/site-packages/redis/retry.py", line 105, in call_with_retry
    return do()
           ^^^^
  File "/var/www/html/backend/.venv/lib/python3.11/site-packages/redis/client.py", line 915, in <lambda>
    lambda: command(*args, **kwargs),
            ^^^^^^^^^^^^^^^^^^^^^^^^
  File "/var/www/html/backend/.venv/lib/python3.11/site-packages/redis/client.py", line 936, in try_read
    return conn.read_response(disconnect_on_error=False, push_request=True)
           ^^^^^^^^^^^^^^^^^^^^^^^^^^^^^^^^^^^^^^^^^^^^^^^^^^^^^^^^^^^^^^^^
  File "/var/www/html/backend/.venv/lib/python3.11/site-packages/redis/connection.py", line 650, in read_response
    response = self._parser.read_response(disable_decoding=disable_decoding)
               ^^^^^^^^^^^^^^^^^^^^^^^^^^^^^^^^^^^^^^^^^^^^^^^^^^^^^^^^^^^^^
  File "/var/www/html/backend/.venv/lib/python3.11/site-packages/redis/_parsers/resp2.py", line 15, in read_response
    result = self._read_response(disable_decoding=disable_decoding)
             ^^^^^^^^^^^^^^^^^^^^^^^^^^^^^^^^^^^^^^^^^^^^^^^^^^^^^^
  File "/var/www/html/backend/.venv/lib/python3.11/site-packages/redis/_parsers/resp2.py", line 25, in _read_response
    raw = self._buffer.readline()
          ^^^^^^^^^^^^^^^^^^^^^^^
  File "/var/www/html/backend/.venv/lib/python3.11/site-packages/redis/_parsers/socket.py", line 115, in readline
    self._read_from_socket()
  File "/var/www/html/backend/.venv/lib/python3.11/site-packages/redis/_parsers/socket.py", line 68, in _read_from_socket
    raise ConnectionError(SERVER_CLOSED_CONNECTION_ERROR)
redis.exceptions.ConnectionError: Connection closed by server.

During handling of the above exception, another exception occurred:

Traceback (most recent call last):
  File "/var/www/html/backend/.venv/lib/python3.11/site-packages/redis/connection.py", line 389, in connect_check_health
    sock = self.retry.call_with_retry(
           ^^^^^^^^^^^^^^^^^^^^^^^^^^^
  File "/var/www/html/backend/.venv/lib/python3.11/site-packages/redis/retry.py", line 105, in call_with_retry
    return do()
           ^^^^
  File "/var/www/html/backend/.venv/lib/python3.11/site-packages/redis/connection.py", line 390, in <lambda>
    lambda: self._connect(), lambda error: self.disconnect(error)
            ^^^^^^^^^^^^^^^
  File "/var/www/html/backend/.venv/lib/python3.11/site-packages/redis/connection.py", line 803, in _connect
    raise err
  File "/var/www/html/backend/.venv/lib/python3.11/site-packages/redis/connection.py", line 787, in _connect
    sock.connect(socket_address)
ConnectionRefusedError: [Errno 111] Connection refused

During handling of the above exception, another exception occurred:

Traceback (most recent call last):
  File "/var/www/html/backend/.venv/lib/python3.11/site-packages/celery/worker/consumer/consumer.py", line 346, in start
    blueprint.start(self)
  File "/var/www/html/backend/.venv/lib/python3.11/site-packages/celery/bootsteps.py", line 116, in start
    step.start(parent)
  File "/var/www/html/backend/.venv/lib/python3.11/site-packages/celery/worker/consumer/consumer.py", line 788, in start
    c.loop(*c.loop_args())
  File "/var/www/html/backend/.venv/lib/python3.11/site-packages/celery/worker/loops.py", line 96, in asynloop
    next(loop)
  File "/var/www/html/backend/.venv/lib/python3.11/site-packages/kombu/asynchronous/hub.py", line 377, in create_loop
    cb(*cbargs)
  File "/var/www/html/backend/.venv/lib/python3.11/site-packages/kombu/transport/redis.py", line 1394, in on_readable
    self.cycle.on_readable(fileno)
  File "/var/www/html/backend/.venv/lib/python3.11/site-packages/kombu/transport/redis.py", line 579, in on_readable
    chan.handlers[type]()
  File "/var/www/html/backend/.venv/lib/python3.11/site-packages/kombu/transport/redis.py", line 931, in _receive
    ret.append(self._receive_one(c))
               ^^^^^^^^^^^^^^^^^^^^
  File "/var/www/html/backend/.venv/lib/python3.11/site-packages/kombu/transport/redis.py", line 941, in _receive_one
    response = c.parse_response()
               ^^^^^^^^^^^^^^^^^^
  File "/var/www/html/backend/.venv/lib/python3.11/site-packages/redis/client.py", line 938, in parse_response
    response = self._execute(conn, try_read)
               ^^^^^^^^^^^^^^^^^^^^^^^^^^^^^
  File "/var/www/html/backend/.venv/lib/python3.11/site-packages/redis/client.py", line 914, in _execute
    return conn.retry.call_with_retry(
           ^^^^^^^^^^^^^^^^^^^^^^^^^^^
  File "/var/www/html/backend/.venv/lib/python3.11/site-packages/redis/retry.py", line 108, in call_with_retry
    fail(error)
  File "/var/www/html/backend/.venv/lib/python3.11/site-packages/redis/client.py", line 916, in <lambda>
    lambda _: self._reconnect(conn),
              ^^^^^^^^^^^^^^^^^^^^^
  File "/var/www/html/backend/.venv/lib/python3.11/site-packages/redis/client.py", line 904, in _reconnect
    conn.connect()
  File "/var/www/html/backend/.venv/lib/python3.11/site-packages/redis/connection.py", line 380, in connect
    self.connect_check_health(check_health=True)
  File "/var/www/html/backend/.venv/lib/python3.11/site-packages/redis/connection.py", line 397, in connect_check_health
    raise ConnectionError(self._error_message(e))
redis.exceptions.ConnectionError: Error 111 connecting to redis:6379. Connection refused.
[2026-02-16 22:58:41,132: WARNING/MainProcess] /var/www/html/backend/.venv/lib/python3.11/site-packages/celery/worker/consumer/consumer.py:397: CPendingDeprecationWarning: 
In Celery 5.1 we introduced an optional breaking change which
on connection loss cancels all currently executed tasks with late acknowledgement enabled.
These tasks cannot be acknowledged as the connection is gone, and the tasks are automatically redelivered
back to the queue. You can enable this behavior using the worker_cancel_long_running_tasks_on_connection_loss
setting. In Celery 5.1 it is set to False by default. The setting will be set to True by default in Celery 6.0.

  warnings.warn(CANCEL_TASKS_BY_DEFAULT, CPendingDeprecationWarning)

[2026-02-16 22:58:41,135: ERROR/MainProcess] consumer: Cannot connect to redis://redis:6379/0: Error 111 connecting to redis:6379. Connection refused..
Trying again in 2.00 seconds... (1/100)

[2026-02-16 22:59:26,680: INFO/MainProcess] Connected to redis://redis:6379/0
[2026-02-16 22:59:26,682: INFO/MainProcess] mingle: searching for neighbors
[2026-02-16 22:59:27,689: INFO/MainProcess] mingle: all alone
[2026-02-16 22:59:27,698: INFO/MainProcess] celery@media-vigilfuoco-web ready.
